IMPLICIT_ALLOCATE MPI BUFFER
    Output has been done at Step = 318
    nvidia runtime: 0.388415 of rank: 0
    Output has been done at Step = 318
    nvidia runtime:  1.41126 of rank: 0
    nvidia runtime:  1.41124 of rank: 1
    Output has been done at Step = 318
    nvidia runtime:  2.79411 of rank: 0
    nvidia runtime:  2.79312 of rank: 1
    nvidia runtime:  2.79441 of rank: 3
    nvidia runtime:  2.79331 of rank: 2

IMPLICIT_ALLOCATE MPI BUFFER
    Output has been done at Step = 318
    nvidia runtime: 0.428203 of rank: 0
    Output has been done at Step = 318
    nvidia runtime:  1.80507 of rank: 0
    nvidia runtime:  1.80514 of rank: 1
    Output has been done at Step = 318
    nvidia runtime:  3.59722 of rank: 0
    nvidia runtime:  3.59706 of rank: 1
    nvidia runtime:  3.59721 of rank: 3
    nvidia runtime:  3.59716 of rank: 2

IMPLICIT_ALLOCATE AWARE-MPI BUFFER
    Output has been done at Step = 318
    nvidia runtime: 0.414879 of rank: 0
    Output has been done at Step = 318
    nvidia runtime:    1.463 of rank: 0
    nvidia runtime:  1.46316 of rank: 1
    Output has been done at Step = 318
    nvidia runtime:   3.0399 of rank: 0
    nvidia runtime:  3.03864 of rank: 2
    nvidia runtime:  3.03898 of rank: 3
    nvidia runtime:  3.03897 of rank: 1
